[2016-02-03 13:16:51] START
[2016-02-03 13:16:51] EDIT x/models/0.py: 0
[2016-02-03 13:18:12] EDIT x/models/db.py: -3
[2016-02-03 13:19:53] EDIT x/models/0.py: 0
[2016-02-03 13:20:07] EDIT x/models/db.py: 0
[2016-02-03 16:31:18] EDIT x/models/0.py: 0
[2016-02-03 16:31:44] EDIT x/models/db.py: 0
[2016-02-04 12:53:27] EDIT ProyectoFase1/models/db_wizard.py: 8
[2016-02-04 12:55:10] EDIT ProyectoFase1/models/db_wizard_populate.py: 1
[2016-02-04 12:56:41] EDIT ProyectoFase1/models/menu.py: 1
[2016-02-04 12:57:12] CREATE default/catedratico.html: 0
[2016-02-04 12:59:33] EDIT ProyectoFase1/views/default/catedratico.html: 0
[2016-02-04 13:03:09] EDIT ProyectoFase1/controllers/default.py: 4
[2016-02-04 13:10:32] EDIT ProyectoFase1/controllers/default.py: 0
[2016-02-04 13:16:17] EDIT ProyectoFase1/controllers/default.py: 0
[2016-02-04 13:21:39] EDIT ProyectoFase1/controllers/default.py: 0
[2016-02-04 13:28:31] EDIT ProyectoFase1/models/db_wizard.py: 2
[2016-02-04 13:29:29] EDIT ProyectoFase1/models/db_wizard.py: 0
[2016-02-04 13:30:52] EDIT ProyectoFase1/controllers/default.py: 0
[2016-02-04 13:32:48] EDIT ProyectoFase1/controllers/default.py: 0
[2016-02-04 13:33:21] EDIT ProyectoFase1/models/db_wizard.py: 0
[2016-02-04 13:33:50] EDIT ProyectoFase1/models/db_wizard.py: -1
[2016-02-04 13:33:52] EDIT ProyectoFase1/models/db_wizard.py: 0
[2016-02-04 13:34:30] EDIT ProyectoFase1/models/db_wizard.py: 0
[2016-02-04 13:36:12] EDIT ProyectoFase1/models/db_wizard.py: -2
[2016-02-04 13:40:56] EDIT ProyectoFase1/models/db_wizard.py: 1
[2016-02-04 13:42:00] EDIT ProyectoFase1/controllers/default.py: 0
[2016-02-04 13:43:53] EDIT ProyectoFase1/models/db_wizard.py: -1
[2016-02-04 13:44:13] EDIT ProyectoFase1/controllers/default.py: 0
[2016-02-04 13:49:31] EDIT ProyectoFase1/models/db_wizard.py: 0
