timestamp: 2016-02-03T13:14:02.743717
CREATE TABLE auth_user(
    id INTEGER PRIMARY KEY AUTOINCREMENT,
    first_name CHAR(128),
    last_name CHAR(128),
    email CHAR(512),
    password CHAR(512),
    registration_key CHAR(512),
    reset_password_key CHAR(512),
    registration_id CHAR(512)
);
success!
timestamp: 2016-02-03T13:14:02.870645
CREATE TABLE auth_group(
    id INTEGER PRIMARY KEY AUTOINCREMENT,
    role CHAR(512),
    description TEXT
);
success!
timestamp: 2016-02-03T13:14:02.971942
CREATE TABLE auth_membership(
    id INTEGER PRIMARY KEY AUTOINCREMENT,
    user_id INTEGER REFERENCES auth_user (id) ON DELETE CASCADE  ,
    group_id INTEGER REFERENCES auth_group (id) ON DELETE CASCADE  
);
success!
timestamp: 2016-02-03T13:14:03.124872
CREATE TABLE auth_permission(
    id INTEGER PRIMARY KEY AUTOINCREMENT,
    group_id INTEGER REFERENCES auth_group (id) ON DELETE CASCADE  ,
    name CHAR(512),
    table_name CHAR(512),
    record_id INTEGER
);
success!
timestamp: 2016-02-03T13:14:03.261226
CREATE TABLE auth_event(
    id INTEGER PRIMARY KEY AUTOINCREMENT,
    time_stamp TIMESTAMP,
    client_ip CHAR(512),
    user_id INTEGER REFERENCES auth_user (id) ON DELETE CASCADE  ,
    origin CHAR(512),
    description TEXT
);
success!
timestamp: 2016-02-03T13:14:03.462063
CREATE TABLE auth_cas(
    id INTEGER PRIMARY KEY AUTOINCREMENT,
    user_id INTEGER REFERENCES auth_user (id) ON DELETE CASCADE  ,
    created_on TIMESTAMP,
    service CHAR(512),
    ticket CHAR(512),
    renew CHAR(1)
);
success!
timestamp: 2016-02-03T13:18:17.512192
CREATE TABLE web2py_session_x(
    id INT AUTO_INCREMENT NOT NULL,
    locked CHAR(1),
    client_ip VARCHAR(64),
    created_datetime DATETIME,
    modified_datetime DATETIME,
    unique_key VARCHAR(64),
    session_data LONGBLOB,
    PRIMARY KEY (id)
) ENGINE=InnoDB CHARACTER SET utf8;
timestamp: 2016-02-03T13:19:39.824586
CREATE TABLE web2py_session_x(
    id INT AUTO_INCREMENT NOT NULL,
    locked CHAR(1),
    client_ip VARCHAR(64),
    created_datetime DATETIME,
    modified_datetime DATETIME,
    unique_key VARCHAR(64),
    session_data LONGBLOB,
    PRIMARY KEY (id)
) ENGINE=InnoDB CHARACTER SET utf8;
timestamp: 2016-02-03T13:19:46.193941
CREATE TABLE web2py_session_x(
    id INT AUTO_INCREMENT NOT NULL,
    locked CHAR(1),
    client_ip VARCHAR(64),
    created_datetime DATETIME,
    modified_datetime DATETIME,
    unique_key VARCHAR(64),
    session_data LONGBLOB,
    PRIMARY KEY (id)
) ENGINE=InnoDB CHARACTER SET utf8;
timestamp: 2016-02-03T13:19:57.538426
CREATE TABLE web2py_session_x(
    id INT AUTO_INCREMENT NOT NULL,
    locked CHAR(1),
    client_ip VARCHAR(64),
    created_datetime DATETIME,
    modified_datetime DATETIME,
    unique_key VARCHAR(64),
    session_data LONGBLOB,
    PRIMARY KEY (id)
) ENGINE=InnoDB CHARACTER SET utf8;
timestamp: 2016-02-03T13:20:11.987931
CREATE TABLE web2py_session_x(
    id INT AUTO_INCREMENT NOT NULL,
    locked CHAR(1),
    client_ip VARCHAR(64),
    created_datetime DATETIME,
    modified_datetime DATETIME,
    unique_key VARCHAR(64),
    session_data LONGBLOB,
    PRIMARY KEY (id)
) ENGINE=InnoDB CHARACTER SET utf8;
success!
timestamp: 2016-02-03T13:20:12.025506
CREATE TABLE auth_user(
    id INT AUTO_INCREMENT NOT NULL,
    first_name VARCHAR(128),
    last_name VARCHAR(128),
    email VARCHAR(512),
    password VARCHAR(512),
    registration_key VARCHAR(512),
    reset_password_key VARCHAR(512),
    registration_id VARCHAR(512),
    PRIMARY KEY (id)
) ENGINE=InnoDB CHARACTER SET utf8;
success!
timestamp: 2016-02-03T13:20:12.033732
CREATE TABLE auth_group(
    id INT AUTO_INCREMENT NOT NULL,
    role VARCHAR(512),
    description LONGTEXT,
    PRIMARY KEY (id)
) ENGINE=InnoDB CHARACTER SET utf8;
success!
timestamp: 2016-02-03T13:20:12.040174
CREATE TABLE auth_membership(
    id INT AUTO_INCREMENT NOT NULL,
    user_id INT  , INDEX user_id__idx (user_id), FOREIGN KEY (user_id) REFERENCES auth_user (id) ON DELETE CASCADE,
    group_id INT  , INDEX group_id__idx (group_id), FOREIGN KEY (group_id) REFERENCES auth_group (id) ON DELETE CASCADE,
    PRIMARY KEY (id)
) ENGINE=InnoDB CHARACTER SET utf8;
success!
timestamp: 2016-02-03T13:20:12.056775
CREATE TABLE auth_permission(
    id INT AUTO_INCREMENT NOT NULL,
    group_id INT  , INDEX group_id__idx (group_id), FOREIGN KEY (group_id) REFERENCES auth_group (id) ON DELETE CASCADE,
    name VARCHAR(512),
    table_name VARCHAR(512),
    record_id INT,
    PRIMARY KEY (id)
) ENGINE=InnoDB CHARACTER SET utf8;
success!
timestamp: 2016-02-03T13:20:12.067910
CREATE TABLE auth_event(
    id INT AUTO_INCREMENT NOT NULL,
    time_stamp DATETIME,
    client_ip VARCHAR(512),
    user_id INT  , INDEX user_id__idx (user_id), FOREIGN KEY (user_id) REFERENCES auth_user (id) ON DELETE CASCADE,
    origin VARCHAR(512),
    description LONGTEXT,
    PRIMARY KEY (id)
) ENGINE=InnoDB CHARACTER SET utf8;
success!
timestamp: 2016-02-03T13:20:12.075836
CREATE TABLE auth_cas(
    id INT AUTO_INCREMENT NOT NULL,
    user_id INT  , INDEX user_id__idx (user_id), FOREIGN KEY (user_id) REFERENCES auth_user (id) ON DELETE CASCADE,
    created_on DATETIME,
    service VARCHAR(512),
    ticket VARCHAR(512),
    renew CHAR(1),
    PRIMARY KEY (id)
) ENGINE=InnoDB CHARACTER SET utf8;
success!
timestamp: 2016-02-03T16:32:09.566403
CREATE TABLE web2py_session_x(
    id INT AUTO_INCREMENT NOT NULL,
    locked CHAR(1),
    client_ip VARCHAR(64),
    created_datetime DATETIME,
    modified_datetime DATETIME,
    unique_key VARCHAR(64),
    session_data LONGBLOB,
    PRIMARY KEY (id)
) ENGINE=InnoDB CHARACTER SET utf8;
success!
timestamp: 2016-02-03T16:32:10.640064
CREATE TABLE auth_user(
    id INT AUTO_INCREMENT NOT NULL,
    first_name VARCHAR(128),
    last_name VARCHAR(128),
    email VARCHAR(512),
    password VARCHAR(512),
    registration_key VARCHAR(512),
    reset_password_key VARCHAR(512),
    registration_id VARCHAR(512),
    PRIMARY KEY (id)
) ENGINE=InnoDB CHARACTER SET utf8;
success!
timestamp: 2016-02-03T16:32:11.629022
CREATE TABLE auth_group(
    id INT AUTO_INCREMENT NOT NULL,
    role VARCHAR(512),
    description LONGTEXT,
    PRIMARY KEY (id)
) ENGINE=InnoDB CHARACTER SET utf8;
success!
timestamp: 2016-02-03T16:32:12.822670
CREATE TABLE auth_membership(
    id INT AUTO_INCREMENT NOT NULL,
    user_id INT  , INDEX user_id__idx (user_id), FOREIGN KEY (user_id) REFERENCES auth_user (id) ON DELETE CASCADE,
    group_id INT  , INDEX group_id__idx (group_id), FOREIGN KEY (group_id) REFERENCES auth_group (id) ON DELETE CASCADE,
    PRIMARY KEY (id)
) ENGINE=InnoDB CHARACTER SET utf8;
success!
timestamp: 2016-02-03T16:32:14.389019
CREATE TABLE auth_permission(
    id INT AUTO_INCREMENT NOT NULL,
    group_id INT  , INDEX group_id__idx (group_id), FOREIGN KEY (group_id) REFERENCES auth_group (id) ON DELETE CASCADE,
    name VARCHAR(512),
    table_name VARCHAR(512),
    record_id INT,
    PRIMARY KEY (id)
) ENGINE=InnoDB CHARACTER SET utf8;
success!
timestamp: 2016-02-03T16:32:15.474266
CREATE TABLE auth_event(
    id INT AUTO_INCREMENT NOT NULL,
    time_stamp DATETIME,
    client_ip VARCHAR(512),
    user_id INT  , INDEX user_id__idx (user_id), FOREIGN KEY (user_id) REFERENCES auth_user (id) ON DELETE CASCADE,
    origin VARCHAR(512),
    description LONGTEXT,
    PRIMARY KEY (id)
) ENGINE=InnoDB CHARACTER SET utf8;
success!
timestamp: 2016-02-03T16:32:16.169584
CREATE TABLE auth_cas(
    id INT AUTO_INCREMENT NOT NULL,
    user_id INT  , INDEX user_id__idx (user_id), FOREIGN KEY (user_id) REFERENCES auth_user (id) ON DELETE CASCADE,
    created_on DATETIME,
    service VARCHAR(512),
    ticket VARCHAR(512),
    renew CHAR(1),
    PRIMARY KEY (id)
) ENGINE=InnoDB CHARACTER SET utf8;
success!
timestamp: 2016-02-04T12:31:49.539073
CREATE TABLE web2py_session_ProyectoFase1(
    id INT AUTO_INCREMENT NOT NULL,
    locked CHAR(1),
    client_ip VARCHAR(64),
    created_datetime DATETIME,
    modified_datetime DATETIME,
    unique_key VARCHAR(64),
    session_data LONGBLOB,
    PRIMARY KEY (id)
) ENGINE=InnoDB CHARACTER SET utf8;
success!
timestamp: 2016-02-04T13:41:09.699243
CREATE TABLE Catedratico_archive(
    id INT AUTO_INCREMENT NOT NULL,
    Nombre VARCHAR(512),
    Dpi VARCHAR(512),
    Telefono INT,
    Especializacion INT,
    current_record INT  , INDEX current_record__idx (current_record), FOREIGN KEY (current_record) REFERENCES Catedratico (id) ON DELETE CASCADE,
    PRIMARY KEY (id)
) ENGINE=InnoDB CHARACTER SET utf8;
success!
timestamp: 2016-02-05T15:36:28.709241
CREATE TABLE web2py_session_Fase_I_Suy(
    id INT AUTO_INCREMENT NOT NULL,
    locked CHAR(1),
    client_ip VARCHAR(64),
    created_datetime DATETIME,
    modified_datetime DATETIME,
    unique_key VARCHAR(64),
    session_data LONGBLOB,
    PRIMARY KEY (id)
) ENGINE=InnoDB CHARACTER SET utf8;
success!
timestamp: 2016-02-05T15:51:21.801864
ALTER TABLE Catedratico_archive ADD nombre__tmp VARCHAR(512) NOT NULL;
timestamp: 2016-02-05T15:52:14.560483
ALTER TABLE Catedratico_archive ADD nombre__tmp VARCHAR(512) NOT NULL;
timestamp: 2016-02-05T15:53:14.510565
ALTER TABLE Catedratico_archive ADD nombre__tmp VARCHAR(512) NOT NULL;
timestamp: 2016-02-05T15:53:42.778951
ALTER TABLE Catedratico_archive ADD nombre__tmp VARCHAR(512) NOT NULL;
timestamp: 2016-02-05T15:54:57.598616
ALTER TABLE Catedratico_archive ADD nombre__tmp VARCHAR(512) NOT NULL;
timestamp: 2016-02-05T15:58:43.331950
ALTER TABLE Catedratico_archive ADD nombre__tmp VARCHAR(512) NOT NULL;
timestamp: 2016-02-05T15:58:55.636858
ALTER TABLE Catedratico_archive ADD nombre__tmp VARCHAR(512) NOT NULL;
timestamp: 2016-02-05T16:00:42.089392
ALTER TABLE Catedratico_archive ADD nombre__tmp VARCHAR(512) NOT NULL;
timestamp: 2016-02-05T16:00:53.979013
ALTER TABLE Catedratico_archive ADD nombre__tmp VARCHAR(512) NOT NULL;
timestamp: 2016-02-05T16:02:37.391929
ALTER TABLE Catedratico_archive ADD nombre__tmp VARCHAR(512) NOT NULL;
timestamp: 2016-02-05T16:02:37.626096
ALTER TABLE Catedratico_archive ADD nombre__tmp VARCHAR(512) NOT NULL;
timestamp: 2016-02-05T16:03:06.255688
ALTER TABLE Catedratico_archive ADD nombre__tmp VARCHAR(512) NOT NULL;
timestamp: 2016-02-05T16:04:06.916614
ALTER TABLE Catedratico_archive ADD nombre__tmp VARCHAR(512) NOT NULL;
timestamp: 2016-02-05T16:05:07.480578
ALTER TABLE Catedratico_archive ADD nombre__tmp VARCHAR(512) NOT NULL;
timestamp: 2016-02-05T16:05:26.336027
ALTER TABLE Catedratico_archive ADD nombre__tmp VARCHAR(512) NOT NULL;
timestamp: 2016-02-05T16:06:41.534639
ALTER TABLE Catedratico_archive ADD nombre__tmp VARCHAR(512) NOT NULL;
timestamp: 2016-02-05T16:08:48.159444
ALTER TABLE Catedratico_archive ADD nombre__tmp VARCHAR(512) NOT NULL;
timestamp: 2016-02-05T16:09:18.921151
ALTER TABLE Catedratico_archive ADD nombre__tmp VARCHAR(512) NOT NULL;
timestamp: 2016-02-05T16:10:29.332475
ALTER TABLE Catedratico_archive ADD nombre__tmp VARCHAR(512) NOT NULL;
